NOTE: The test started as a child_process using these flags: [ '--no-warnings' ] Use NODE_SKIP_FLAG_CHECK to run the test with the original flags.
[isReadableStreamLocked] ASSERTION FAILED: $isReadableStream(stream)
  at <anonymous> (native)

AssertionError: $isReadableStream(stream)

Bun v1.1.31-debug+5fc53353f (macOS arm64)
